mode: atomic
github.com/LogicIQ/konductor/sdk/go/barrier/barrier.go:18.98,23.27 2 2
github.com/LogicIQ/konductor/sdk/go/barrier/barrier.go:23.27,25.3 1 0
github.com/LogicIQ/konductor/sdk/go/barrier/barrier.go:27.2,29.6 2 2
github.com/LogicIQ/konductor/sdk/go/barrier/barrier.go:29.6,34.28 2 2
github.com/LogicIQ/konductor/sdk/go/barrier/barrier.go:34.28,36.4 1 0
github.com/LogicIQ/konductor/sdk/go/barrier/barrier.go:38.3,38.31 1 2
github.com/LogicIQ/konductor/sdk/go/barrier/barrier.go:39.32,40.14 1 1
github.com/LogicIQ/konductor/sdk/go/barrier/barrier.go:41.34,42.48 1 1
github.com/LogicIQ/konductor/sdk/go/barrier/barrier.go:43.35,45.70 1 0
github.com/LogicIQ/konductor/sdk/go/barrier/barrier.go:45.70,47.5 1 0
github.com/LogicIQ/konductor/sdk/go/barrier/barrier.go:50.4,50.11 1 0
github.com/LogicIQ/konductor/sdk/go/barrier/barrier.go:51.22,52.21 1 0
github.com/LogicIQ/konductor/sdk/go/barrier/barrier.go:53.39,53.39 0 0
github.com/LogicIQ/konductor/sdk/go/barrier/barrier.go:61.100,64.27 2 1
github.com/LogicIQ/konductor/sdk/go/barrier/barrier.go:64.27,66.3 1 1
github.com/LogicIQ/konductor/sdk/go/barrier/barrier.go:69.2,70.18 2 1
github.com/LogicIQ/konductor/sdk/go/barrier/barrier.go:70.18,72.19 2 0
github.com/LogicIQ/konductor/sdk/go/barrier/barrier.go:72.19,74.4 1 0
github.com/LogicIQ/konductor/sdk/go/barrier/barrier.go:78.2,92.59 2 1
github.com/LogicIQ/konductor/sdk/go/barrier/barrier.go:92.59,94.3 1 0
github.com/LogicIQ/konductor/sdk/go/barrier/barrier.go:96.2,96.12 1 1
github.com/LogicIQ/konductor/sdk/go/barrier/barrier.go:100.115,101.29 1 0
github.com/LogicIQ/konductor/sdk/go/barrier/barrier.go:101.29,103.3 1 0
github.com/LogicIQ/konductor/sdk/go/barrier/barrier.go:104.2,104.38 1 0
github.com/LogicIQ/konductor/sdk/go/barrier/barrier.go:108.146,110.59 1 0
github.com/LogicIQ/konductor/sdk/go/barrier/barrier.go:110.59,112.3 1 0
github.com/LogicIQ/konductor/sdk/go/barrier/barrier.go:115.2,115.29 1 0
github.com/LogicIQ/konductor/sdk/go/barrier/barrier.go:115.29,117.3 1 0
github.com/LogicIQ/konductor/sdk/go/barrier/barrier.go:120.2,120.63 1 0
github.com/LogicIQ/konductor/sdk/go/barrier/barrier.go:120.63,122.3 1 0
github.com/LogicIQ/konductor/sdk/go/barrier/barrier.go:124.2,124.12 1 0
github.com/LogicIQ/konductor/sdk/go/barrier/barrier.go:128.79,130.94 2 1
github.com/LogicIQ/konductor/sdk/go/barrier/barrier.go:130.94,132.3 1 0
github.com/LogicIQ/konductor/sdk/go/barrier/barrier.go:133.2,133.28 1 1
github.com/LogicIQ/konductor/sdk/go/barrier/barrier.go:137.90,142.27 2 2
github.com/LogicIQ/konductor/sdk/go/barrier/barrier.go:142.27,144.3 1 0
github.com/LogicIQ/konductor/sdk/go/barrier/barrier.go:145.2,145.22 1 2
github.com/LogicIQ/konductor/sdk/go/barrier/barrier.go:149.102,151.16 2 1
github.com/LogicIQ/konductor/sdk/go/barrier/barrier.go:151.16,153.3 1 0
github.com/LogicIQ/konductor/sdk/go/barrier/barrier.go:154.2,154.29 1 1
github.com/LogicIQ/konductor/sdk/go/barrier/barrier.go:158.116,169.2 2 1
github.com/LogicIQ/konductor/sdk/go/barrier/barrier.go:172.74,180.2 2 1
github.com/LogicIQ/konductor/sdk/go/barrier/barrier.go:183.86,185.2 1 1
github.com/LogicIQ/konductor/sdk/go/barrier/barrier.go:190.123,192.27 2 0
github.com/LogicIQ/konductor/sdk/go/barrier/barrier.go:192.27,194.3 1 0
github.com/LogicIQ/konductor/sdk/go/barrier/barrier.go:196.2,206.25 2 0
github.com/LogicIQ/konductor/sdk/go/barrier/barrier.go:206.25,208.3 1 0
github.com/LogicIQ/konductor/sdk/go/barrier/barrier.go:210.2,210.24 1 0
github.com/LogicIQ/konductor/sdk/go/barrier/barrier.go:210.24,212.3 1 0
github.com/LogicIQ/konductor/sdk/go/barrier/barrier.go:214.2,214.59 1 0
github.com/LogicIQ/konductor/sdk/go/barrier/barrier.go:214.59,216.3 1 0
github.com/LogicIQ/konductor/sdk/go/barrier/barrier.go:218.2,218.12 1 0
github.com/LogicIQ/konductor/sdk/go/barrier/barrier.go:222.81,230.59 2 0
github.com/LogicIQ/konductor/sdk/go/barrier/barrier.go:230.59,232.3 1 0
github.com/LogicIQ/konductor/sdk/go/barrier/barrier.go:234.2,234.12 1 0
github.com/LogicIQ/konductor/sdk/go/client/client.go:53.40,54.16 1 0
github.com/LogicIQ/konductor/sdk/go/client/client.go:54.16,56.3 1 0
github.com/LogicIQ/konductor/sdk/go/client/client.go:59.2,60.16 2 0
github.com/LogicIQ/konductor/sdk/go/client/client.go:60.16,62.3 1 0
github.com/LogicIQ/konductor/sdk/go/client/client.go:65.2,66.51 2 0
github.com/LogicIQ/konductor/sdk/go/client/client.go:66.51,68.3 1 0
github.com/LogicIQ/konductor/sdk/go/client/client.go:71.2,72.16 2 0
github.com/LogicIQ/konductor/sdk/go/client/client.go:72.16,74.3 1 0
github.com/LogicIQ/konductor/sdk/go/client/client.go:76.2,77.21 2 0
github.com/LogicIQ/konductor/sdk/go/client/client.go:77.21,79.3 1 0
github.com/LogicIQ/konductor/sdk/go/client/client.go:81.2,84.8 1 0
github.com/LogicIQ/konductor/sdk/go/client/client.go:93.71,94.21 1 7
github.com/LogicIQ/konductor/sdk/go/client/client.go:94.21,96.3 1 1
github.com/LogicIQ/konductor/sdk/go/client/client.go:97.2,100.3 1 7
github.com/LogicIQ/konductor/sdk/go/client/client.go:104.37,106.2 1 4
github.com/LogicIQ/konductor/sdk/go/client/client.go:115.58,120.2 1 1
github.com/LogicIQ/konductor/sdk/go/client/client.go:124.44,126.2 1 3
github.com/LogicIQ/konductor/sdk/go/client/client.go:131.98,137.2 5 1
github.com/LogicIQ/konductor/sdk/go/client/client.go:142.84,148.2 5 1
github.com/LogicIQ/konductor/sdk/go/client/client.go:151.98,154.66 2 1
github.com/LogicIQ/konductor/sdk/go/client/client.go:154.66,156.3 1 0
github.com/LogicIQ/konductor/sdk/go/client/client.go:157.2,157.27 1 1
github.com/LogicIQ/konductor/sdk/go/client/client.go:161.106,164.58 2 1
github.com/LogicIQ/konductor/sdk/go/client/client.go:164.58,166.3 1 0
github.com/LogicIQ/konductor/sdk/go/client/client.go:167.2,167.28 1 1
github.com/LogicIQ/konductor/sdk/go/client/client.go:200.82,207.2 1 0
github.com/LogicIQ/konductor/sdk/go/client/client.go:210.34,211.24 1 0
github.com/LogicIQ/konductor/sdk/go/client/client.go:211.24,213.3 1 0
github.com/LogicIQ/konductor/sdk/go/client/client.go:214.2,214.65 1 0
github.com/LogicIQ/konductor/sdk/go/client/client.go:218.34,220.2 1 0
github.com/LogicIQ/konductor/sdk/go/client/client.go:223.32,225.2 1 0
github.com/LogicIQ/konductor/sdk/go/client/client.go:237.39,238.24 1 0
github.com/LogicIQ/konductor/sdk/go/client/client.go:238.24,240.3 1 0
github.com/LogicIQ/konductor/sdk/go/client/client.go:241.2,241.55 1 0
github.com/LogicIQ/konductor/sdk/go/client/client.go:245.39,247.2 1 0
github.com/LogicIQ/konductor/sdk/go/client/client.go:250.37,252.2 1 0
github.com/LogicIQ/konductor/sdk/go/client/client.go:262.40,263.26 1 1
github.com/LogicIQ/konductor/sdk/go/client/client.go:263.26,265.3 1 1
github.com/LogicIQ/konductor/sdk/go/client/client.go:274.48,275.26 1 1
github.com/LogicIQ/konductor/sdk/go/client/client.go:275.26,277.3 1 1
github.com/LogicIQ/konductor/sdk/go/client/client.go:286.42,287.26 1 1
github.com/LogicIQ/konductor/sdk/go/client/client.go:287.26,289.3 1 1
github.com/LogicIQ/konductor/sdk/go/client/client.go:298.39,299.26 1 1
github.com/LogicIQ/konductor/sdk/go/client/client.go:299.26,301.3 1 1
github.com/LogicIQ/konductor/sdk/go/client/client.go:310.38,311.26 1 0
github.com/LogicIQ/konductor/sdk/go/client/client.go:311.26,313.3 1 0
github.com/LogicIQ/konductor/sdk/go/lease/lease.go:28.33,29.24 1 0
github.com/LogicIQ/konductor/sdk/go/lease/lease.go:29.24,31.3 1 0
github.com/LogicIQ/konductor/sdk/go/lease/lease.go:33.2,40.67 2 0
github.com/LogicIQ/konductor/sdk/go/lease/lease.go:44.33,46.2 1 0
github.com/LogicIQ/konductor/sdk/go/lease/lease.go:49.31,51.2 1 0
github.com/LogicIQ/konductor/sdk/go/lease/lease.go:54.111,60.27 2 0
github.com/LogicIQ/konductor/sdk/go/lease/lease.go:60.27,62.3 1 0
github.com/LogicIQ/konductor/sdk/go/lease/lease.go:65.2,66.18 2 0
github.com/LogicIQ/konductor/sdk/go/lease/lease.go:66.18,68.19 2 0
github.com/LogicIQ/konductor/sdk/go/lease/lease.go:68.19,70.4 1 0
github.com/LogicIQ/konductor/sdk/go/lease/lease.go:73.2,90.26 3 0
github.com/LogicIQ/konductor/sdk/go/lease/lease.go:90.26,92.3 1 0
github.com/LogicIQ/konductor/sdk/go/lease/lease.go:94.2,94.59 1 0
github.com/LogicIQ/konductor/sdk/go/lease/lease.go:94.59,96.3 1 0
github.com/LogicIQ/konductor/sdk/go/lease/lease.go:98.2,100.6 2 0
github.com/LogicIQ/konductor/sdk/go/lease/lease.go:100.6,105.27 1 0
github.com/LogicIQ/konductor/sdk/go/lease/lease.go:105.27,107.4 1 0
github.com/LogicIQ/konductor/sdk/go/lease/lease.go:109.3,109.31 1 0
github.com/LogicIQ/konductor/sdk/go/lease/lease.go:110.40,120.10 2 0
github.com/LogicIQ/konductor/sdk/go/lease/lease.go:122.39,123.63 1 0
github.com/LogicIQ/konductor/sdk/go/lease/lease.go:125.40,127.70 1 0
github.com/LogicIQ/konductor/sdk/go/lease/lease.go:127.70,131.5 2 0
github.com/LogicIQ/konductor/sdk/go/lease/lease.go:134.4,134.11 1 0
github.com/LogicIQ/konductor/sdk/go/lease/lease.go:135.22,138.26 2 0
github.com/LogicIQ/konductor/sdk/go/lease/lease.go:139.39,139.39 0 0
github.com/LogicIQ/konductor/sdk/go/lease/lease.go:147.115,149.16 2 0
github.com/LogicIQ/konductor/sdk/go/lease/lease.go:149.16,151.3 1 0
github.com/LogicIQ/konductor/sdk/go/lease/lease.go:152.2,154.13 2 0
github.com/LogicIQ/konductor/sdk/go/lease/lease.go:158.114,162.2 2 0
github.com/LogicIQ/konductor/sdk/go/lease/lease.go:165.77,167.92 2 1
github.com/LogicIQ/konductor/sdk/go/lease/lease.go:167.92,169.3 1 0
github.com/LogicIQ/konductor/sdk/go/lease/lease.go:170.2,170.26 1 1
github.com/LogicIQ/konductor/sdk/go/lease/lease.go:174.88,179.25 2 3
github.com/LogicIQ/konductor/sdk/go/lease/lease.go:179.25,181.3 1 0
github.com/LogicIQ/konductor/sdk/go/lease/lease.go:182.2,182.20 1 3
github.com/LogicIQ/konductor/sdk/go/lease/lease.go:186.87,188.16 2 2
github.com/LogicIQ/konductor/sdk/go/lease/lease.go:188.16,190.3 1 0
github.com/LogicIQ/konductor/sdk/go/lease/lease.go:191.2,191.62 1 2
github.com/LogicIQ/konductor/sdk/go/lease/lease.go:195.100,197.27 2 1
github.com/LogicIQ/konductor/sdk/go/lease/lease.go:197.27,199.3 1 0
github.com/LogicIQ/konductor/sdk/go/lease/lease.go:201.2,210.41 2 1
github.com/LogicIQ/konductor/sdk/go/lease/lease.go:214.74,222.2 2 1
github.com/LogicIQ/konductor/sdk/go/lease/lease.go:225.82,227.2 1 1
github.com/LogicIQ/konductor/sdk/go/lease/lease.go:232.105,234.27 2 0
github.com/LogicIQ/konductor/sdk/go/lease/lease.go:234.27,236.3 1 0
github.com/LogicIQ/konductor/sdk/go/lease/lease.go:238.2,246.21 2 0
github.com/LogicIQ/konductor/sdk/go/lease/lease.go:246.21,248.3 1 0
github.com/LogicIQ/konductor/sdk/go/lease/lease.go:250.2,250.57 1 0
github.com/LogicIQ/konductor/sdk/go/lease/lease.go:250.57,252.3 1 0
github.com/LogicIQ/konductor/sdk/go/lease/lease.go:254.2,254.12 1 0
github.com/LogicIQ/konductor/sdk/go/lease/lease.go:258.79,266.57 2 0
github.com/LogicIQ/konductor/sdk/go/lease/lease.go:266.57,268.3 1 0
github.com/LogicIQ/konductor/sdk/go/lease/lease.go:270.2,270.12 1 0
github.com/LogicIQ/konductor/sdk/go/gate/gate.go:17.98,22.27 2 2
github.com/LogicIQ/konductor/sdk/go/gate/gate.go:22.27,24.3 1 0
github.com/LogicIQ/konductor/sdk/go/gate/gate.go:26.2,28.6 2 2
github.com/LogicIQ/konductor/sdk/go/gate/gate.go:28.6,33.25 2 2
github.com/LogicIQ/konductor/sdk/go/gate/gate.go:33.25,35.4 1 0
github.com/LogicIQ/konductor/sdk/go/gate/gate.go:37.3,37.28 1 2
github.com/LogicIQ/konductor/sdk/go/gate/gate.go:38.29,39.14 1 1
github.com/LogicIQ/konductor/sdk/go/gate/gate.go:40.31,41.45 1 1
github.com/LogicIQ/konductor/sdk/go/gate/gate.go:42.32,44.70 1 0
github.com/LogicIQ/konductor/sdk/go/gate/gate.go:44.70,46.5 1 0
github.com/LogicIQ/konductor/sdk/go/gate/gate.go:49.4,49.11 1 0
github.com/LogicIQ/konductor/sdk/go/gate/gate.go:50.22,51.21 1 0
github.com/LogicIQ/konductor/sdk/go/gate/gate.go:52.40,52.40 0 0
github.com/LogicIQ/konductor/sdk/go/gate/gate.go:60.81,65.24 2 2
github.com/LogicIQ/konductor/sdk/go/gate/gate.go:65.24,67.3 1 0
github.com/LogicIQ/konductor/sdk/go/gate/gate.go:69.2,69.55 1 2
github.com/LogicIQ/konductor/sdk/go/gate/gate.go:73.113,78.24 2 1
github.com/LogicIQ/konductor/sdk/go/gate/gate.go:78.24,80.3 1 0
github.com/LogicIQ/konductor/sdk/go/gate/gate.go:82.2,82.43 1 1
github.com/LogicIQ/konductor/sdk/go/gate/gate.go:86.136,91.27 2 0
github.com/LogicIQ/konductor/sdk/go/gate/gate.go:91.27,93.3 1 0
github.com/LogicIQ/konductor/sdk/go/gate/gate.go:95.2,97.6 2 0
github.com/LogicIQ/konductor/sdk/go/gate/gate.go:97.6,99.17 2 0
github.com/LogicIQ/konductor/sdk/go/gate/gate.go:99.17,101.4 1 0
github.com/LogicIQ/konductor/sdk/go/gate/gate.go:104.3,105.43 2 0
github.com/LogicIQ/konductor/sdk/go/gate/gate.go:105.43,107.41 2 0
github.com/LogicIQ/konductor/sdk/go/gate/gate.go:107.41,108.35 1 0
github.com/LogicIQ/konductor/sdk/go/gate/gate.go:108.35,110.24 2 0
github.com/LogicIQ/konductor/sdk/go/gate/gate.go:110.24,112.12 2 0
github.com/LogicIQ/konductor/sdk/go/gate/gate.go:116.4,116.14 1 0
github.com/LogicIQ/konductor/sdk/go/gate/gate.go:116.14,118.10 2 0
github.com/LogicIQ/konductor/sdk/go/gate/gate.go:122.3,122.13 1 0
github.com/LogicIQ/konductor/sdk/go/gate/gate.go:122.13,124.4 1 0
github.com/LogicIQ/konductor/sdk/go/gate/gate.go:127.3,127.69 1 0
github.com/LogicIQ/konductor/sdk/go/gate/gate.go:127.69,129.4 1 0
github.com/LogicIQ/konductor/sdk/go/gate/gate.go:132.3,132.10 1 0
github.com/LogicIQ/konductor/sdk/go/gate/gate.go:133.21,134.20 1 0
github.com/LogicIQ/konductor/sdk/go/gate/gate.go:135.39,135.39 0 0
github.com/LogicIQ/konductor/sdk/go/gate/gate.go:142.115,143.52 1 0
github.com/LogicIQ/konductor/sdk/go/gate/gate.go:143.52,145.3 1 0
github.com/LogicIQ/konductor/sdk/go/gate/gate.go:146.2,146.13 1 0
github.com/LogicIQ/konductor/sdk/go/gate/gate.go:150.76,152.91 2 1
github.com/LogicIQ/konductor/sdk/go/gate/gate.go:152.91,154.3 1 0
github.com/LogicIQ/konductor/sdk/go/gate/gate.go:155.2,155.25 1 1
github.com/LogicIQ/konductor/sdk/go/gate/gate.go:159.87,164.24 2 2
github.com/LogicIQ/konductor/sdk/go/gate/gate.go:164.24,166.3 1 0
github.com/LogicIQ/konductor/sdk/go/gate/gate.go:167.2,167.19 1 2
github.com/LogicIQ/konductor/sdk/go/gate/gate.go:171.99,173.16 2 1
github.com/LogicIQ/konductor/sdk/go/gate/gate.go:173.16,175.3 1 0
github.com/LogicIQ/konductor/sdk/go/gate/gate.go:176.2,176.26 1 1
github.com/LogicIQ/konductor/sdk/go/gate/gate.go:180.74,191.2 2 1
github.com/LogicIQ/konductor/sdk/go/gate/gate.go:194.74,202.2 2 1
github.com/LogicIQ/konductor/sdk/go/gate/gate.go:205.80,207.2 1 1
github.com/LogicIQ/konductor/sdk/go/gate/gate.go:210.72,212.16 2 0
github.com/LogicIQ/konductor/sdk/go/gate/gate.go:212.16,214.3 1 0
github.com/LogicIQ/konductor/sdk/go/gate/gate.go:215.2,216.49 2 0
github.com/LogicIQ/konductor/sdk/go/gate/gate.go:220.73,222.16 2 0
github.com/LogicIQ/konductor/sdk/go/gate/gate.go:222.16,224.3 1 0
github.com/LogicIQ/konductor/sdk/go/gate/gate.go:225.2,226.49 2 0
github.com/LogicIQ/konductor/sdk/go/semaphore/semaphore.go:46.122,52.27 2 0
github.com/LogicIQ/konductor/sdk/go/semaphore/semaphore.go:52.27,54.3 1 0
github.com/LogicIQ/konductor/sdk/go/semaphore/semaphore.go:57.2,58.18 2 0
github.com/LogicIQ/konductor/sdk/go/semaphore/semaphore.go:58.18,60.19 2 0
github.com/LogicIQ/konductor/sdk/go/semaphore/semaphore.go:60.19,62.4 1 0
github.com/LogicIQ/konductor/sdk/go/semaphore/semaphore.go:66.2,70.29 2 0
github.com/LogicIQ/konductor/sdk/go/semaphore/semaphore.go:70.29,72.3 1 0
github.com/LogicIQ/konductor/sdk/go/semaphore/semaphore.go:74.2,77.6 3 0
github.com/LogicIQ/konductor/sdk/go/semaphore/semaphore.go:77.6,82.30 1 0
github.com/LogicIQ/konductor/sdk/go/semaphore/semaphore.go:82.30,84.4 1 0
github.com/LogicIQ/konductor/sdk/go/semaphore/semaphore.go:87.3,87.38 1 0
github.com/LogicIQ/konductor/sdk/go/semaphore/semaphore.go:87.38,89.70 1 0
github.com/LogicIQ/konductor/sdk/go/semaphore/semaphore.go:89.70,91.5 1 0
github.com/LogicIQ/konductor/sdk/go/semaphore/semaphore.go:94.4,94.11 1 0
github.com/LogicIQ/konductor/sdk/go/semaphore/semaphore.go:95.22,96.26 1 0
github.com/LogicIQ/konductor/sdk/go/semaphore/semaphore.go:97.39,98.13 1 0
github.com/LogicIQ/konductor/sdk/go/semaphore/semaphore.go:103.3,117.22 2 0
github.com/LogicIQ/konductor/sdk/go/semaphore/semaphore.go:117.22,119.4 1 0
github.com/LogicIQ/konductor/sdk/go/semaphore/semaphore.go:121.3,121.59 1 0
github.com/LogicIQ/konductor/sdk/go/semaphore/semaphore.go:121.59,123.55 1 0
github.com/LogicIQ/konductor/sdk/go/semaphore/semaphore.go:123.55,125.13 2 0
github.com/LogicIQ/konductor/sdk/go/semaphore/semaphore.go:127.4,127.62 1 0
github.com/LogicIQ/konductor/sdk/go/semaphore/semaphore.go:131.3,131.27 1 0
github.com/LogicIQ/konductor/sdk/go/semaphore/semaphore.go:131.27,136.94 2 0
github.com/LogicIQ/konductor/sdk/go/semaphore/semaphore.go:136.94,137.10 1 0
github.com/LogicIQ/konductor/sdk/go/semaphore/semaphore.go:139.4,139.37 1 0
github.com/LogicIQ/konductor/sdk/go/semaphore/semaphore.go:143.3,144.16 2 0
github.com/LogicIQ/konductor/sdk/go/semaphore/semaphore.go:151.115,153.16 2 0
github.com/LogicIQ/konductor/sdk/go/semaphore/semaphore.go:153.16,155.3 1 0
github.com/LogicIQ/konductor/sdk/go/semaphore/semaphore.go:156.2,158.13 2 0
github.com/LogicIQ/konductor/sdk/go/semaphore/semaphore.go:162.81,164.96 2 1
github.com/LogicIQ/konductor/sdk/go/semaphore/semaphore.go:164.96,166.3 1 0
github.com/LogicIQ/konductor/sdk/go/semaphore/semaphore.go:167.2,167.30 1 1
github.com/LogicIQ/konductor/sdk/go/semaphore/semaphore.go:171.92,176.29 2 1
github.com/LogicIQ/konductor/sdk/go/semaphore/semaphore.go:176.29,178.3 1 0
github.com/LogicIQ/konductor/sdk/go/semaphore/semaphore.go:179.2,179.24 1 1
github.com/LogicIQ/konductor/sdk/go/semaphore/semaphore.go:183.115,185.27 2 1
github.com/LogicIQ/konductor/sdk/go/semaphore/semaphore.go:185.27,187.3 1 0
github.com/LogicIQ/konductor/sdk/go/semaphore/semaphore.go:189.2,199.21 2 1
github.com/LogicIQ/konductor/sdk/go/semaphore/semaphore.go:199.21,201.3 1 0
github.com/LogicIQ/konductor/sdk/go/semaphore/semaphore.go:203.2,203.45 1 1
github.com/LogicIQ/konductor/sdk/go/semaphore/semaphore.go:207.74,215.2 2 1
github.com/LogicIQ/konductor/sdk/go/semaphore/semaphore.go:218.90,220.2 1 1
github.com/LogicIQ/konductor/controllers/barrier_controller.go:29.99,36.65 4 5
github.com/LogicIQ/konductor/controllers/barrier_controller.go:36.65,37.29 1 0
github.com/LogicIQ/konductor/controllers/barrier_controller.go:37.29,40.4 2 0
github.com/LogicIQ/konductor/controllers/barrier_controller.go:41.3,42.28 2 0
github.com/LogicIQ/konductor/controllers/barrier_controller.go:45.2,50.63 3 5
github.com/LogicIQ/konductor/controllers/barrier_controller.go:50.63,53.3 2 0
github.com/LogicIQ/konductor/controllers/barrier_controller.go:55.2,60.41 4 5
github.com/LogicIQ/konductor/controllers/barrier_controller.go:60.41,62.3 1 5
github.com/LogicIQ/konductor/controllers/barrier_controller.go:65.2,66.32 2 5
github.com/LogicIQ/konductor/controllers/barrier_controller.go:66.32,68.3 1 1
github.com/LogicIQ/konductor/controllers/barrier_controller.go:71.2,71.116 1 5
github.com/LogicIQ/konductor/controllers/barrier_controller.go:71.116,72.48 1 1
github.com/LogicIQ/konductor/controllers/barrier_controller.go:72.48,74.4 1 1
github.com/LogicIQ/konductor/controllers/barrier_controller.go:75.8,75.55 1 4
github.com/LogicIQ/konductor/controllers/barrier_controller.go:75.55,77.37 2 2
github.com/LogicIQ/konductor/controllers/barrier_controller.go:77.37,80.4 2 2
github.com/LogicIQ/konductor/controllers/barrier_controller.go:81.8,83.3 1 2
github.com/LogicIQ/konductor/controllers/barrier_controller.go:86.2,86.57 1 5
github.com/LogicIQ/konductor/controllers/barrier_controller.go:86.57,89.3 2 0
github.com/LogicIQ/konductor/controllers/barrier_controller.go:91.2,94.87 2 5
github.com/LogicIQ/konductor/controllers/barrier_controller.go:94.87,96.3 1 0
github.com/LogicIQ/konductor/controllers/barrier_controller.go:98.2,98.27 1 5
github.com/LogicIQ/konductor/controllers/barrier_controller.go:102.70,106.2 1 0
github.com/LogicIQ/konductor/controllers/gate_controller.go:30.96,37.62 4 10
github.com/LogicIQ/konductor/controllers/gate_controller.go:37.62,38.29 1 0
github.com/LogicIQ/konductor/controllers/gate_controller.go:38.29,41.4 2 0
github.com/LogicIQ/konductor/controllers/gate_controller.go:42.3,43.28 2 0
github.com/LogicIQ/konductor/controllers/gate_controller.go:46.2,52.49 4 10
github.com/LogicIQ/konductor/controllers/gate_controller.go:52.49,60.22 3 9
github.com/LogicIQ/konductor/controllers/gate_controller.go:60.22,62.4 1 9
github.com/LogicIQ/konductor/controllers/gate_controller.go:64.3,64.25 1 9
github.com/LogicIQ/konductor/controllers/gate_controller.go:65.14,67.105 2 3
github.com/LogicIQ/konductor/controllers/gate_controller.go:67.105,70.5 2 1
github.com/LogicIQ/konductor/controllers/gate_controller.go:70.10,71.66 1 2
github.com/LogicIQ/konductor/controllers/gate_controller.go:71.66,74.6 2 1
github.com/LogicIQ/konductor/controllers/gate_controller.go:74.11,77.6 2 1
github.com/LogicIQ/konductor/controllers/gate_controller.go:80.20,82.111 2 2
github.com/LogicIQ/konductor/controllers/gate_controller.go:82.111,85.5 2 0
github.com/LogicIQ/konductor/controllers/gate_controller.go:85.10,86.81 1 2
github.com/LogicIQ/konductor/controllers/gate_controller.go:86.81,89.6 2 1
github.com/LogicIQ/konductor/controllers/gate_controller.go:89.11,92.6 2 1
github.com/LogicIQ/konductor/controllers/gate_controller.go:95.18,97.109 2 2
github.com/LogicIQ/konductor/controllers/gate_controller.go:97.109,100.5 2 0
github.com/LogicIQ/konductor/controllers/gate_controller.go:100.10,101.85 1 2
github.com/LogicIQ/konductor/controllers/gate_controller.go:101.85,104.6 2 1
github.com/LogicIQ/konductor/controllers/gate_controller.go:104.11,107.6 2 1
github.com/LogicIQ/konductor/controllers/gate_controller.go:110.16,112.107 2 2
github.com/LogicIQ/konductor/controllers/gate_controller.go:112.107,115.5 2 0
github.com/LogicIQ/konductor/controllers/gate_controller.go:115.10,116.91 1 2
github.com/LogicIQ/konductor/controllers/gate_controller.go:116.91,119.6 2 1
github.com/LogicIQ/konductor/controllers/gate_controller.go:119.11,122.6 2 1
github.com/LogicIQ/konductor/controllers/gate_controller.go:126.3,126.32 1 9
github.com/LogicIQ/konductor/controllers/gate_controller.go:130.2,132.12 2 10
github.com/LogicIQ/konductor/controllers/gate_controller.go:132.12,134.34 2 5
github.com/LogicIQ/konductor/controllers/gate_controller.go:134.34,137.4 2 5
github.com/LogicIQ/konductor/controllers/gate_controller.go:138.8,140.108 1 5
github.com/LogicIQ/konductor/controllers/gate_controller.go:140.108,142.4 1 1
github.com/LogicIQ/konductor/controllers/gate_controller.go:142.9,144.4 1 4
github.com/LogicIQ/konductor/controllers/gate_controller.go:148.2,148.54 1 10
github.com/LogicIQ/konductor/controllers/gate_controller.go:148.54,151.3 2 0
github.com/LogicIQ/konductor/controllers/gate_controller.go:153.2,156.50 2 10
github.com/LogicIQ/konductor/controllers/gate_controller.go:156.50,158.3 1 4
github.com/LogicIQ/konductor/controllers/gate_controller.go:160.2,160.27 1 6
github.com/LogicIQ/konductor/controllers/gate_controller.go:164.67,168.2 1 0
github.com/LogicIQ/konductor/controllers/lease_controller.go:30.97,37.63 4 4
github.com/LogicIQ/konductor/controllers/lease_controller.go:37.63,38.29 1 0
github.com/LogicIQ/konductor/controllers/lease_controller.go:38.29,41.4 2 0
github.com/LogicIQ/konductor/controllers/lease_controller.go:42.3,43.28 2 0
github.com/LogicIQ/konductor/controllers/lease_controller.go:46.2,51.78 3 4
github.com/LogicIQ/konductor/controllers/lease_controller.go:51.78,56.3 4 1
github.com/LogicIQ/konductor/controllers/lease_controller.go:59.2,59.31 1 4
github.com/LogicIQ/konductor/controllers/lease_controller.go:59.31,61.3 1 4
github.com/LogicIQ/konductor/controllers/lease_controller.go:64.2,66.59 2 4
github.com/LogicIQ/konductor/controllers/lease_controller.go:66.59,69.3 2 0
github.com/LogicIQ/konductor/controllers/lease_controller.go:71.2,74.81 2 4
github.com/LogicIQ/konductor/controllers/lease_controller.go:74.81,78.33 3 2
github.com/LogicIQ/konductor/controllers/lease_controller.go:78.33,81.32 3 3
github.com/LogicIQ/konductor/controllers/lease_controller.go:81.32,83.5 1 2
github.com/LogicIQ/konductor/controllers/lease_controller.go:84.4,84.34 1 3
github.com/LogicIQ/konductor/controllers/lease_controller.go:84.34,87.5 2 3
github.com/LogicIQ/konductor/controllers/lease_controller.go:90.3,90.25 1 2
github.com/LogicIQ/konductor/controllers/lease_controller.go:90.25,102.62 9 2
github.com/LogicIQ/konductor/controllers/lease_controller.go:102.62,104.5 1 0
github.com/LogicIQ/konductor/controllers/lease_controller.go:109.2,109.55 1 4
github.com/LogicIQ/konductor/controllers/lease_controller.go:109.55,112.3 2 0
github.com/LogicIQ/konductor/controllers/lease_controller.go:114.2,117.35 2 4
github.com/LogicIQ/konductor/controllers/lease_controller.go:117.35,119.3 1 2
github.com/LogicIQ/konductor/controllers/lease_controller.go:121.2,121.52 1 2
github.com/LogicIQ/konductor/controllers/lease_controller.go:125.68,129.2 1 0
github.com/LogicIQ/konductor/controllers/semaphore_controller.go:29.101,36.67 4 5
github.com/LogicIQ/konductor/controllers/semaphore_controller.go:36.67,37.29 1 1
github.com/LogicIQ/konductor/controllers/semaphore_controller.go:37.29,40.4 2 1
github.com/LogicIQ/konductor/controllers/semaphore_controller.go:41.3,42.28 2 0
github.com/LogicIQ/konductor/controllers/semaphore_controller.go:45.2,50.67 3 4
github.com/LogicIQ/konductor/controllers/semaphore_controller.go:50.67,53.3 2 0
github.com/LogicIQ/konductor/controllers/semaphore_controller.go:55.2,60.39 4 4
github.com/LogicIQ/konductor/controllers/semaphore_controller.go:60.39,61.80 1 5
github.com/LogicIQ/konductor/controllers/semaphore_controller.go:61.80,63.56 2 1
github.com/LogicIQ/konductor/controllers/semaphore_controller.go:63.56,66.5 2 1
github.com/LogicIQ/konductor/controllers/semaphore_controller.go:67.9,67.44 1 4
github.com/LogicIQ/konductor/controllers/semaphore_controller.go:67.44,69.56 2 3
github.com/LogicIQ/konductor/controllers/semaphore_controller.go:69.56,72.5 2 3
github.com/LogicIQ/konductor/controllers/semaphore_controller.go:77.2,84.36 6 4
github.com/LogicIQ/konductor/controllers/semaphore_controller.go:84.36,86.3 1 3
github.com/LogicIQ/konductor/controllers/semaphore_controller.go:86.8,88.3 1 1
github.com/LogicIQ/konductor/controllers/semaphore_controller.go:90.2,97.59 2 4
github.com/LogicIQ/konductor/controllers/semaphore_controller.go:97.59,100.3 2 0
github.com/LogicIQ/konductor/controllers/semaphore_controller.go:102.2,105.52 2 4
github.com/LogicIQ/konductor/controllers/semaphore_controller.go:109.72,114.2 1 0
github.com/LogicIQ/konductor/api/v1/groupversion_info.go:22.13,30.2 7 0
github.com/LogicIQ/konductor/api/v1/zz_generated.deepcopy.go:29.47,35.2 5 0
github.com/LogicIQ/konductor/api/v1/zz_generated.deepcopy.go:38.40,39.15 1 0
github.com/LogicIQ/konductor/api/v1/zz_generated.deepcopy.go:39.15,41.3 1 0
github.com/LogicIQ/konductor/api/v1/zz_generated.deepcopy.go:42.2,44.12 3 0
github.com/LogicIQ/konductor/api/v1/zz_generated.deepcopy.go:48.52,49.34 1 0
github.com/LogicIQ/konductor/api/v1/zz_generated.deepcopy.go:49.34,51.3 1 0
github.com/LogicIQ/konductor/api/v1/zz_generated.deepcopy.go:52.2,52.12 1 0
github.com/LogicIQ/konductor/api/v1/zz_generated.deepcopy.go:56.55,60.21 4 0
github.com/LogicIQ/konductor/api/v1/zz_generated.deepcopy.go:60.21,63.22 3 0
github.com/LogicIQ/konductor/api/v1/zz_generated.deepcopy.go:63.22,65.4 1 0
github.com/LogicIQ/konductor/api/v1/zz_generated.deepcopy.go:70.48,71.15 1 0
github.com/LogicIQ/konductor/api/v1/zz_generated.deepcopy.go:71.15,73.3 1 0
github.com/LogicIQ/konductor/api/v1/zz_generated.deepcopy.go:74.2,76.12 3 0
github.com/LogicIQ/konductor/api/v1/zz_generated.deepcopy.go:80.56,81.34 1 0
github.com/LogicIQ/konductor/api/v1/zz_generated.deepcopy.go:81.34,83.3 1 0
github.com/LogicIQ/konductor/api/v1/zz_generated.deepcopy.go:84.2,84.12 1 0
github.com/LogicIQ/konductor/api/v1/zz_generated.deepcopy.go:88.55,90.2 1 0
github.com/LogicIQ/konductor/api/v1/zz_generated.deepcopy.go:93.48,94.15 1 0
github.com/LogicIQ/konductor/api/v1/zz_generated.deepcopy.go:94.15,96.3 1 0
github.com/LogicIQ/konductor/api/v1/zz_generated.deepcopy.go:97.2,99.12 3 0
github.com/LogicIQ/konductor/api/v1/zz_generated.deepcopy.go:103.59,105.25 2 0
github.com/LogicIQ/konductor/api/v1/zz_generated.deepcopy.go:105.25,108.3 2 0
github.com/LogicIQ/konductor/api/v1/zz_generated.deepcopy.go:109.2,109.26 1 0
github.com/LogicIQ/konductor/api/v1/zz_generated.deepcopy.go:109.26,112.22 3 0
github.com/LogicIQ/konductor/api/v1/zz_generated.deepcopy.go:112.22,114.4 1 0
github.com/LogicIQ/konductor/api/v1/zz_generated.deepcopy.go:119.52,120.15 1 0
github.com/LogicIQ/konductor/api/v1/zz_generated.deepcopy.go:120.15,122.3 1 0
github.com/LogicIQ/konductor/api/v1/zz_generated.deepcopy.go:123.2,125.12 3 0
github.com/LogicIQ/konductor/api/v1/zz_generated.deepcopy.go:129.47,135.2 5 0
github.com/LogicIQ/konductor/api/v1/zz_generated.deepcopy.go:138.40,139.15 1 0
github.com/LogicIQ/konductor/api/v1/zz_generated.deepcopy.go:139.15,141.3 1 0
github.com/LogicIQ/konductor/api/v1/zz_generated.deepcopy.go:142.2,144.12 3 0
github.com/LogicIQ/konductor/api/v1/zz_generated.deepcopy.go:148.52,149.34 1 0
github.com/LogicIQ/konductor/api/v1/zz_generated.deepcopy.go:149.34,151.3 1 0
github.com/LogicIQ/konductor/api/v1/zz_generated.deepcopy.go:152.2,152.12 1 0
github.com/LogicIQ/konductor/api/v1/zz_generated.deepcopy.go:156.55,160.21 4 0
github.com/LogicIQ/konductor/api/v1/zz_generated.deepcopy.go:160.21,163.22 3 0
github.com/LogicIQ/konductor/api/v1/zz_generated.deepcopy.go:163.22,165.4 1 0
github.com/LogicIQ/konductor/api/v1/zz_generated.deepcopy.go:170.48,171.15 1 0
github.com/LogicIQ/konductor/api/v1/zz_generated.deepcopy.go:171.15,173.3 1 0
github.com/LogicIQ/konductor/api/v1/zz_generated.deepcopy.go:174.2,176.12 3 0
github.com/LogicIQ/konductor/api/v1/zz_generated.deepcopy.go:180.56,181.34 1 0
github.com/LogicIQ/konductor/api/v1/zz_generated.deepcopy.go:181.34,183.3 1 0
github.com/LogicIQ/konductor/api/v1/zz_generated.deepcopy.go:184.2,184.12 1 0
github.com/LogicIQ/konductor/api/v1/zz_generated.deepcopy.go:188.55,190.23 2 0
github.com/LogicIQ/konductor/api/v1/zz_generated.deepcopy.go:190.23,194.3 3 0
github.com/LogicIQ/konductor/api/v1/zz_generated.deepcopy.go:195.2,195.22 1 0
github.com/LogicIQ/konductor/api/v1/zz_generated.deepcopy.go:195.22,199.3 3 0
github.com/LogicIQ/konductor/api/v1/zz_generated.deepcopy.go:203.48,204.15 1 0
github.com/LogicIQ/konductor/api/v1/zz_generated.deepcopy.go:204.15,206.3 1 0
github.com/LogicIQ/konductor/api/v1/zz_generated.deepcopy.go:207.2,209.12 3 0
github.com/LogicIQ/konductor/api/v1/zz_generated.deepcopy.go:213.59,215.24 2 0
github.com/LogicIQ/konductor/api/v1/zz_generated.deepcopy.go:215.24,219.3 3 0
github.com/LogicIQ/konductor/api/v1/zz_generated.deepcopy.go:220.2,220.24 1 0
github.com/LogicIQ/konductor/api/v1/zz_generated.deepcopy.go:220.24,223.3 2 0
github.com/LogicIQ/konductor/api/v1/zz_generated.deepcopy.go:224.2,224.26 1 0
github.com/LogicIQ/konductor/api/v1/zz_generated.deepcopy.go:224.26,227.22 3 0
github.com/LogicIQ/konductor/api/v1/zz_generated.deepcopy.go:227.22,229.4 1 0
github.com/LogicIQ/konductor/api/v1/zz_generated.deepcopy.go:234.52,235.15 1 0
github.com/LogicIQ/konductor/api/v1/zz_generated.deepcopy.go:235.15,237.3 1 0
github.com/LogicIQ/konductor/api/v1/zz_generated.deepcopy.go:238.2,240.12 3 0
github.com/LogicIQ/konductor/api/v1/zz_generated.deepcopy.go:244.41,250.2 5 0
github.com/LogicIQ/konductor/api/v1/zz_generated.deepcopy.go:253.34,254.15 1 0
github.com/LogicIQ/konductor/api/v1/zz_generated.deepcopy.go:254.15,256.3 1 0
github.com/LogicIQ/konductor/api/v1/zz_generated.deepcopy.go:257.2,259.12 3 0
github.com/LogicIQ/konductor/api/v1/zz_generated.deepcopy.go:263.49,264.34 1 0
github.com/LogicIQ/konductor/api/v1/zz_generated.deepcopy.go:264.34,266.3 1 0
github.com/LogicIQ/konductor/api/v1/zz_generated.deepcopy.go:267.2,267.12 1 0
github.com/LogicIQ/konductor/api/v1/zz_generated.deepcopy.go:271.59,273.21 2 0
github.com/LogicIQ/konductor/api/v1/zz_generated.deepcopy.go:273.21,277.3 3 0
github.com/LogicIQ/konductor/api/v1/zz_generated.deepcopy.go:281.52,282.15 1 0
github.com/LogicIQ/konductor/api/v1/zz_generated.deepcopy.go:282.15,284.3 1 0
github.com/LogicIQ/konductor/api/v1/zz_generated.deepcopy.go:285.2,287.12 3 0
github.com/LogicIQ/konductor/api/v1/zz_generated.deepcopy.go:291.71,293.2 1 0
github.com/LogicIQ/konductor/api/v1/zz_generated.deepcopy.go:296.64,297.15 1 0
github.com/LogicIQ/konductor/api/v1/zz_generated.deepcopy.go:297.15,299.3 1 0
github.com/LogicIQ/konductor/api/v1/zz_generated.deepcopy.go:300.2,302.12 3 0
github.com/LogicIQ/konductor/api/v1/zz_generated.deepcopy.go:306.49,310.21 4 0
github.com/LogicIQ/konductor/api/v1/zz_generated.deepcopy.go:310.21,313.22 3 0
github.com/LogicIQ/konductor/api/v1/zz_generated.deepcopy.go:313.22,315.4 1 0
github.com/LogicIQ/konductor/api/v1/zz_generated.deepcopy.go:320.42,321.15 1 0
github.com/LogicIQ/konductor/api/v1/zz_generated.deepcopy.go:321.15,323.3 1 0
github.com/LogicIQ/konductor/api/v1/zz_generated.deepcopy.go:324.2,326.12 3 0
github.com/LogicIQ/konductor/api/v1/zz_generated.deepcopy.go:330.53,331.34 1 0
github.com/LogicIQ/konductor/api/v1/zz_generated.deepcopy.go:331.34,333.3 1 0
github.com/LogicIQ/konductor/api/v1/zz_generated.deepcopy.go:334.2,334.12 1 0
github.com/LogicIQ/konductor/api/v1/zz_generated.deepcopy.go:338.49,340.26 2 0
github.com/LogicIQ/konductor/api/v1/zz_generated.deepcopy.go:340.26,343.22 3 0
github.com/LogicIQ/konductor/api/v1/zz_generated.deepcopy.go:343.22,345.4 1 0
github.com/LogicIQ/konductor/api/v1/zz_generated.deepcopy.go:347.2,347.23 1 0
github.com/LogicIQ/konductor/api/v1/zz_generated.deepcopy.go:347.23,351.3 3 0
github.com/LogicIQ/konductor/api/v1/zz_generated.deepcopy.go:355.42,356.15 1 0
github.com/LogicIQ/konductor/api/v1/zz_generated.deepcopy.go:356.15,358.3 1 0
github.com/LogicIQ/konductor/api/v1/zz_generated.deepcopy.go:359.2,361.12 3 0
github.com/LogicIQ/konductor/api/v1/zz_generated.deepcopy.go:365.53,367.33 2 0
github.com/LogicIQ/konductor/api/v1/zz_generated.deepcopy.go:367.33,371.3 3 0
github.com/LogicIQ/konductor/api/v1/zz_generated.deepcopy.go:372.2,372.24 1 0
github.com/LogicIQ/konductor/api/v1/zz_generated.deepcopy.go:372.24,375.3 2 0
github.com/LogicIQ/konductor/api/v1/zz_generated.deepcopy.go:376.2,376.26 1 0
github.com/LogicIQ/konductor/api/v1/zz_generated.deepcopy.go:376.26,379.22 3 0
github.com/LogicIQ/konductor/api/v1/zz_generated.deepcopy.go:379.22,381.4 1 0
github.com/LogicIQ/konductor/api/v1/zz_generated.deepcopy.go:386.46,387.15 1 0
github.com/LogicIQ/konductor/api/v1/zz_generated.deepcopy.go:387.15,389.3 1 0
github.com/LogicIQ/konductor/api/v1/zz_generated.deepcopy.go:390.2,392.12 3 0
github.com/LogicIQ/konductor/api/v1/zz_generated.deepcopy.go:396.43,402.2 5 0
github.com/LogicIQ/konductor/api/v1/zz_generated.deepcopy.go:405.36,406.15 1 0
github.com/LogicIQ/konductor/api/v1/zz_generated.deepcopy.go:406.15,408.3 1 0
github.com/LogicIQ/konductor/api/v1/zz_generated.deepcopy.go:409.2,411.12 3 0
github.com/LogicIQ/konductor/api/v1/zz_generated.deepcopy.go:415.50,416.34 1 0
github.com/LogicIQ/konductor/api/v1/zz_generated.deepcopy.go:416.34,418.3 1 0
github.com/LogicIQ/konductor/api/v1/zz_generated.deepcopy.go:419.2,419.12 1 0
github.com/LogicIQ/konductor/api/v1/zz_generated.deepcopy.go:423.51,427.21 4 0
github.com/LogicIQ/konductor/api/v1/zz_generated.deepcopy.go:427.21,430.22 3 0
github.com/LogicIQ/konductor/api/v1/zz_generated.deepcopy.go:430.22,432.4 1 0
github.com/LogicIQ/konductor/api/v1/zz_generated.deepcopy.go:437.44,438.15 1 0
github.com/LogicIQ/konductor/api/v1/zz_generated.deepcopy.go:438.15,440.3 1 0
github.com/LogicIQ/konductor/api/v1/zz_generated.deepcopy.go:441.2,443.12 3 0
github.com/LogicIQ/konductor/api/v1/zz_generated.deepcopy.go:447.54,448.34 1 0
github.com/LogicIQ/konductor/api/v1/zz_generated.deepcopy.go:448.34,450.3 1 0
github.com/LogicIQ/konductor/api/v1/zz_generated.deepcopy.go:451.2,451.12 1 0
github.com/LogicIQ/konductor/api/v1/zz_generated.deepcopy.go:455.57,461.2 5 0
github.com/LogicIQ/konductor/api/v1/zz_generated.deepcopy.go:464.50,465.15 1 0
github.com/LogicIQ/konductor/api/v1/zz_generated.deepcopy.go:465.15,467.3 1 0
github.com/LogicIQ/konductor/api/v1/zz_generated.deepcopy.go:468.2,470.12 3 0
github.com/LogicIQ/konductor/api/v1/zz_generated.deepcopy.go:474.57,475.34 1 0
github.com/LogicIQ/konductor/api/v1/zz_generated.deepcopy.go:475.34,477.3 1 0
github.com/LogicIQ/konductor/api/v1/zz_generated.deepcopy.go:478.2,478.12 1 0
github.com/LogicIQ/konductor/api/v1/zz_generated.deepcopy.go:482.65,486.21 4 0
github.com/LogicIQ/konductor/api/v1/zz_generated.deepcopy.go:486.21,489.22 3 0
github.com/LogicIQ/konductor/api/v1/zz_generated.deepcopy.go:489.22,491.4 1 0
github.com/LogicIQ/konductor/api/v1/zz_generated.deepcopy.go:496.58,497.15 1 0
github.com/LogicIQ/konductor/api/v1/zz_generated.deepcopy.go:497.15,499.3 1 0
github.com/LogicIQ/konductor/api/v1/zz_generated.deepcopy.go:500.2,502.12 3 0
github.com/LogicIQ/konductor/api/v1/zz_generated.deepcopy.go:506.61,507.34 1 0
github.com/LogicIQ/konductor/api/v1/zz_generated.deepcopy.go:507.34,509.3 1 0
github.com/LogicIQ/konductor/api/v1/zz_generated.deepcopy.go:510.2,510.12 1 0
github.com/LogicIQ/konductor/api/v1/zz_generated.deepcopy.go:514.65,516.24 2 0
github.com/LogicIQ/konductor/api/v1/zz_generated.deepcopy.go:516.24,520.3 3 0
github.com/LogicIQ/konductor/api/v1/zz_generated.deepcopy.go:521.2,521.19 1 0
github.com/LogicIQ/konductor/api/v1/zz_generated.deepcopy.go:521.19,525.3 3 0
github.com/LogicIQ/konductor/api/v1/zz_generated.deepcopy.go:529.58,530.15 1 0
github.com/LogicIQ/konductor/api/v1/zz_generated.deepcopy.go:530.15,532.3 1 0
github.com/LogicIQ/konductor/api/v1/zz_generated.deepcopy.go:533.2,535.12 3 0
github.com/LogicIQ/konductor/api/v1/zz_generated.deepcopy.go:539.69,541.27 2 0
github.com/LogicIQ/konductor/api/v1/zz_generated.deepcopy.go:541.27,544.3 2 0
github.com/LogicIQ/konductor/api/v1/zz_generated.deepcopy.go:545.2,545.26 1 0
github.com/LogicIQ/konductor/api/v1/zz_generated.deepcopy.go:545.26,548.22 3 0
github.com/LogicIQ/konductor/api/v1/zz_generated.deepcopy.go:548.22,550.4 1 0
github.com/LogicIQ/konductor/api/v1/zz_generated.deepcopy.go:555.62,556.15 1 0
github.com/LogicIQ/konductor/api/v1/zz_generated.deepcopy.go:556.15,558.3 1 0
github.com/LogicIQ/konductor/api/v1/zz_generated.deepcopy.go:559.2,561.12 3 0
github.com/LogicIQ/konductor/api/v1/zz_generated.deepcopy.go:565.51,568.24 3 0
github.com/LogicIQ/konductor/api/v1/zz_generated.deepcopy.go:568.24,572.3 3 0
github.com/LogicIQ/konductor/api/v1/zz_generated.deepcopy.go:576.44,577.15 1 0
github.com/LogicIQ/konductor/api/v1/zz_generated.deepcopy.go:577.15,579.3 1 0
github.com/LogicIQ/konductor/api/v1/zz_generated.deepcopy.go:580.2,582.12 3 0
github.com/LogicIQ/konductor/api/v1/zz_generated.deepcopy.go:586.55,588.26 2 0
github.com/LogicIQ/konductor/api/v1/zz_generated.deepcopy.go:588.26,591.3 2 0
github.com/LogicIQ/konductor/api/v1/zz_generated.deepcopy.go:592.2,592.25 1 0
github.com/LogicIQ/konductor/api/v1/zz_generated.deepcopy.go:592.25,595.3 2 0
github.com/LogicIQ/konductor/api/v1/zz_generated.deepcopy.go:596.2,596.26 1 0
github.com/LogicIQ/konductor/api/v1/zz_generated.deepcopy.go:596.26,599.22 3 0
github.com/LogicIQ/konductor/api/v1/zz_generated.deepcopy.go:599.22,601.4 1 0
github.com/LogicIQ/konductor/api/v1/zz_generated.deepcopy.go:606.48,607.15 1 0
github.com/LogicIQ/konductor/api/v1/zz_generated.deepcopy.go:607.15,609.3 1 0
github.com/LogicIQ/konductor/api/v1/zz_generated.deepcopy.go:610.2,612.12 3 0
github.com/LogicIQ/konductor/api/v1/zz_generated.deepcopy.go:616.45,622.2 5 0
github.com/LogicIQ/konductor/api/v1/zz_generated.deepcopy.go:625.38,626.15 1 0
github.com/LogicIQ/konductor/api/v1/zz_generated.deepcopy.go:626.15,628.3 1 0
github.com/LogicIQ/konductor/api/v1/zz_generated.deepcopy.go:629.2,631.12 3 0
github.com/LogicIQ/konductor/api/v1/zz_generated.deepcopy.go:635.51,636.34 1 0
github.com/LogicIQ/konductor/api/v1/zz_generated.deepcopy.go:636.34,638.3 1 0
github.com/LogicIQ/konductor/api/v1/zz_generated.deepcopy.go:639.2,639.12 1 0
github.com/LogicIQ/konductor/api/v1/zz_generated.deepcopy.go:643.53,647.21 4 0
github.com/LogicIQ/konductor/api/v1/zz_generated.deepcopy.go:647.21,650.22 3 0
github.com/LogicIQ/konductor/api/v1/zz_generated.deepcopy.go:650.22,652.4 1 0
github.com/LogicIQ/konductor/api/v1/zz_generated.deepcopy.go:657.46,658.15 1 0
github.com/LogicIQ/konductor/api/v1/zz_generated.deepcopy.go:658.15,660.3 1 0
github.com/LogicIQ/konductor/api/v1/zz_generated.deepcopy.go:661.2,663.12 3 0
github.com/LogicIQ/konductor/api/v1/zz_generated.deepcopy.go:667.55,668.34 1 0
github.com/LogicIQ/konductor/api/v1/zz_generated.deepcopy.go:668.34,670.3 1 0
github.com/LogicIQ/konductor/api/v1/zz_generated.deepcopy.go:671.2,671.12 1 0
github.com/LogicIQ/konductor/api/v1/zz_generated.deepcopy.go:675.53,677.19 2 0
github.com/LogicIQ/konductor/api/v1/zz_generated.deepcopy.go:677.19,681.3 3 0
github.com/LogicIQ/konductor/api/v1/zz_generated.deepcopy.go:685.46,686.15 1 0
github.com/LogicIQ/konductor/api/v1/zz_generated.deepcopy.go:686.15,688.3 1 0
github.com/LogicIQ/konductor/api/v1/zz_generated.deepcopy.go:689.2,691.12 3 0
github.com/LogicIQ/konductor/api/v1/zz_generated.deepcopy.go:695.57,697.26 2 0
github.com/LogicIQ/konductor/api/v1/zz_generated.deepcopy.go:697.26,700.3 2 0
github.com/LogicIQ/konductor/api/v1/zz_generated.deepcopy.go:701.2,701.25 1 0
github.com/LogicIQ/konductor/api/v1/zz_generated.deepcopy.go:701.25,704.3 2 0
github.com/LogicIQ/konductor/api/v1/zz_generated.deepcopy.go:705.2,705.26 1 0
github.com/LogicIQ/konductor/api/v1/zz_generated.deepcopy.go:705.26,708.22 3 0
github.com/LogicIQ/konductor/api/v1/zz_generated.deepcopy.go:708.22,710.4 1 0
github.com/LogicIQ/konductor/api/v1/zz_generated.deepcopy.go:715.50,716.15 1 0
github.com/LogicIQ/konductor/api/v1/zz_generated.deepcopy.go:716.15,718.3 1 0
github.com/LogicIQ/konductor/api/v1/zz_generated.deepcopy.go:719.2,721.12 3 0
github.com/LogicIQ/konductor/api/v1/zz_generated.deepcopy.go:725.51,731.2 5 0
github.com/LogicIQ/konductor/api/v1/zz_generated.deepcopy.go:734.44,735.15 1 0
github.com/LogicIQ/konductor/api/v1/zz_generated.deepcopy.go:735.15,737.3 1 0
github.com/LogicIQ/konductor/api/v1/zz_generated.deepcopy.go:738.2,740.12 3 0
github.com/LogicIQ/konductor/api/v1/zz_generated.deepcopy.go:744.54,745.34 1 0
github.com/LogicIQ/konductor/api/v1/zz_generated.deepcopy.go:745.34,747.3 1 0
github.com/LogicIQ/konductor/api/v1/zz_generated.deepcopy.go:748.2,748.12 1 0
github.com/LogicIQ/konductor/api/v1/zz_generated.deepcopy.go:752.59,756.21 4 0
github.com/LogicIQ/konductor/api/v1/zz_generated.deepcopy.go:756.21,759.22 3 0
github.com/LogicIQ/konductor/api/v1/zz_generated.deepcopy.go:759.22,761.4 1 0
github.com/LogicIQ/konductor/api/v1/zz_generated.deepcopy.go:766.52,767.15 1 0
github.com/LogicIQ/konductor/api/v1/zz_generated.deepcopy.go:767.15,769.3 1 0
github.com/LogicIQ/konductor/api/v1/zz_generated.deepcopy.go:770.2,772.12 3 0
github.com/LogicIQ/konductor/api/v1/zz_generated.deepcopy.go:776.58,777.34 1 0
github.com/LogicIQ/konductor/api/v1/zz_generated.deepcopy.go:777.34,779.3 1 0
github.com/LogicIQ/konductor/api/v1/zz_generated.deepcopy.go:780.2,780.12 1 0
github.com/LogicIQ/konductor/api/v1/zz_generated.deepcopy.go:784.59,786.19 2 0
github.com/LogicIQ/konductor/api/v1/zz_generated.deepcopy.go:786.19,790.3 3 0
github.com/LogicIQ/konductor/api/v1/zz_generated.deepcopy.go:794.52,795.15 1 0
github.com/LogicIQ/konductor/api/v1/zz_generated.deepcopy.go:795.15,797.3 1 0
github.com/LogicIQ/konductor/api/v1/zz_generated.deepcopy.go:798.2,800.12 3 0
github.com/LogicIQ/konductor/api/v1/zz_generated.deepcopy.go:804.63,806.26 2 0
github.com/LogicIQ/konductor/api/v1/zz_generated.deepcopy.go:806.26,809.22 3 0
github.com/LogicIQ/konductor/api/v1/zz_generated.deepcopy.go:809.22,811.4 1 0
github.com/LogicIQ/konductor/api/v1/zz_generated.deepcopy.go:816.56,817.15 1 0
github.com/LogicIQ/konductor/api/v1/zz_generated.deepcopy.go:817.15,819.3 1 0
github.com/LogicIQ/konductor/api/v1/zz_generated.deepcopy.go:820.2,822.12 3 0
github.com/LogicIQ/konductor/sdk/go/examples/basic_usage.go:16.26,21.16 2 0
github.com/LogicIQ/konductor/sdk/go/examples/basic_usage.go:21.16,23.3 1 0
github.com/LogicIQ/konductor/sdk/go/examples/basic_usage.go:25.2,29.54 3 0
github.com/LogicIQ/konductor/sdk/go/examples/basic_usage.go:29.54,31.3 1 0
github.com/LogicIQ/konductor/sdk/go/examples/basic_usage.go:34.2,35.52 2 0
github.com/LogicIQ/konductor/sdk/go/examples/basic_usage.go:35.52,37.3 1 0
github.com/LogicIQ/konductor/sdk/go/examples/basic_usage.go:40.2,41.50 2 0
github.com/LogicIQ/konductor/sdk/go/examples/basic_usage.go:41.50,43.3 1 0
github.com/LogicIQ/konductor/sdk/go/examples/basic_usage.go:46.2,47.49 2 0
github.com/LogicIQ/konductor/sdk/go/examples/basic_usage.go:47.49,49.3 1 0
github.com/LogicIQ/konductor/sdk/go/examples/basic_usage.go:52.76,59.16 2 0
github.com/LogicIQ/konductor/sdk/go/examples/basic_usage.go:59.16,61.3 1 0
github.com/LogicIQ/konductor/sdk/go/examples/basic_usage.go:62.2,71.12 6 0
github.com/LogicIQ/konductor/sdk/go/examples/basic_usage.go:74.74,79.16 2 0
github.com/LogicIQ/konductor/sdk/go/examples/basic_usage.go:79.16,81.3 1 0
github.com/LogicIQ/konductor/sdk/go/examples/basic_usage.go:83.2,92.16 4 0
github.com/LogicIQ/konductor/sdk/go/examples/basic_usage.go:92.16,94.3 1 0
github.com/LogicIQ/konductor/sdk/go/examples/basic_usage.go:96.2,97.12 2 0
github.com/LogicIQ/konductor/sdk/go/examples/basic_usage.go:100.72,107.16 2 0
github.com/LogicIQ/konductor/sdk/go/examples/basic_usage.go:107.16,109.3 1 0
github.com/LogicIQ/konductor/sdk/go/examples/basic_usage.go:110.2,119.12 6 0
github.com/LogicIQ/konductor/sdk/go/examples/basic_usage.go:122.71,127.16 2 0
github.com/LogicIQ/konductor/sdk/go/examples/basic_usage.go:127.16,129.3 1 0
github.com/LogicIQ/konductor/sdk/go/examples/basic_usage.go:131.2,135.16 3 0
github.com/LogicIQ/konductor/sdk/go/examples/basic_usage.go:135.16,137.3 1 0
github.com/LogicIQ/konductor/sdk/go/examples/basic_usage.go:139.2,140.39 2 0
github.com/LogicIQ/konductor/sdk/go/examples/basic_usage.go:140.39,142.20 2 0
github.com/LogicIQ/konductor/sdk/go/examples/basic_usage.go:142.20,144.4 1 0
github.com/LogicIQ/konductor/sdk/go/examples/basic_usage.go:145.3,145.92 1 0
github.com/LogicIQ/konductor/sdk/go/examples/basic_usage.go:148.2,148.12 1 0
github.com/LogicIQ/konductor/sdk/go/examples/sdk_usage.go:13.24,18.16 2 0
github.com/LogicIQ/konductor/sdk/go/examples/sdk_usage.go:18.16,20.3 1 0
github.com/LogicIQ/konductor/sdk/go/examples/sdk_usage.go:22.2,28.31 5 0
github.com/LogicIQ/konductor/sdk/go/examples/sdk_usage.go:31.74,37.16 3 0
github.com/LogicIQ/konductor/sdk/go/examples/sdk_usage.go:37.16,40.3 2 0
github.com/LogicIQ/konductor/sdk/go/examples/sdk_usage.go:41.2,45.16 3 0
github.com/LogicIQ/konductor/sdk/go/examples/sdk_usage.go:45.16,48.3 2 0
github.com/LogicIQ/konductor/sdk/go/examples/sdk_usage.go:49.2,53.16 3 0
github.com/LogicIQ/konductor/sdk/go/examples/sdk_usage.go:53.16,56.3 2 0
github.com/LogicIQ/konductor/sdk/go/examples/sdk_usage.go:57.2,63.16 3 0
github.com/LogicIQ/konductor/sdk/go/examples/sdk_usage.go:63.16,66.3 2 0
github.com/LogicIQ/konductor/sdk/go/examples/sdk_usage.go:67.2,70.76 2 0
github.com/LogicIQ/konductor/sdk/go/examples/sdk_usage.go:70.76,74.3 3 0
github.com/LogicIQ/konductor/sdk/go/examples/sdk_usage.go:75.2,75.16 1 0
github.com/LogicIQ/konductor/sdk/go/examples/sdk_usage.go:75.16,77.3 1 0
github.com/LogicIQ/konductor/sdk/go/examples/sdk_usage.go:80.2,81.16 2 0
github.com/LogicIQ/konductor/sdk/go/examples/sdk_usage.go:81.16,83.3 1 0
github.com/LogicIQ/konductor/sdk/go/examples/sdk_usage.go:83.8,85.3 1 0
github.com/LogicIQ/konductor/sdk/go/examples/sdk_usage.go:88.2,90.16 3 0
github.com/LogicIQ/konductor/sdk/go/examples/sdk_usage.go:90.16,92.3 1 0
github.com/LogicIQ/konductor/sdk/go/examples/sdk_usage.go:92.8,94.3 1 0
github.com/LogicIQ/konductor/sdk/go/examples/sdk_usage.go:97.2,98.16 2 0
github.com/LogicIQ/konductor/sdk/go/examples/sdk_usage.go:98.16,100.3 1 0
github.com/LogicIQ/konductor/sdk/go/examples/sdk_usage.go:100.8,102.3 1 0
github.com/LogicIQ/konductor/sdk/go/examples/sdk_usage.go:104.2,104.15 1 0
github.com/LogicIQ/konductor/sdk/go/examples/sdk_usage.go:107.72,112.16 3 0
github.com/LogicIQ/konductor/sdk/go/examples/sdk_usage.go:112.16,115.3 2 0
github.com/LogicIQ/konductor/sdk/go/examples/sdk_usage.go:116.2,120.16 3 0
github.com/LogicIQ/konductor/sdk/go/examples/sdk_usage.go:120.16,123.3 2 0
github.com/LogicIQ/konductor/sdk/go/examples/sdk_usage.go:124.2,128.16 3 0
github.com/LogicIQ/konductor/sdk/go/examples/sdk_usage.go:128.16,131.3 2 0
github.com/LogicIQ/konductor/sdk/go/examples/sdk_usage.go:132.2,137.16 3 0
github.com/LogicIQ/konductor/sdk/go/examples/sdk_usage.go:137.16,140.3 2 0
github.com/LogicIQ/konductor/sdk/go/examples/sdk_usage.go:141.2,146.16 3 0
github.com/LogicIQ/konductor/sdk/go/examples/sdk_usage.go:146.16,149.3 2 0
github.com/LogicIQ/konductor/sdk/go/examples/sdk_usage.go:150.2,155.16 3 0
github.com/LogicIQ/konductor/sdk/go/examples/sdk_usage.go:155.16,157.3 1 0
github.com/LogicIQ/konductor/sdk/go/examples/sdk_usage.go:157.8,159.3 1 0
github.com/LogicIQ/konductor/sdk/go/examples/sdk_usage.go:162.2,162.72 1 0
github.com/LogicIQ/konductor/sdk/go/examples/sdk_usage.go:162.72,165.3 2 0
github.com/LogicIQ/konductor/sdk/go/examples/sdk_usage.go:168.2,170.16 3 0
github.com/LogicIQ/konductor/sdk/go/examples/sdk_usage.go:170.16,172.3 1 0
github.com/LogicIQ/konductor/sdk/go/examples/sdk_usage.go:172.8,174.3 1 0
github.com/LogicIQ/konductor/sdk/go/examples/sdk_usage.go:177.2,178.16 2 0
github.com/LogicIQ/konductor/sdk/go/examples/sdk_usage.go:178.16,180.3 1 0
github.com/LogicIQ/konductor/sdk/go/examples/sdk_usage.go:180.8,182.3 1 0
github.com/LogicIQ/konductor/sdk/go/examples/sdk_usage.go:184.2,184.15 1 0
github.com/LogicIQ/konductor/sdk/go/examples/sdk_usage.go:187.69,192.16 3 0
github.com/LogicIQ/konductor/sdk/go/examples/sdk_usage.go:192.16,195.3 2 0
github.com/LogicIQ/konductor/sdk/go/examples/sdk_usage.go:196.2,200.16 3 0
github.com/LogicIQ/konductor/sdk/go/examples/sdk_usage.go:200.16,203.3 2 0
github.com/LogicIQ/konductor/sdk/go/examples/sdk_usage.go:204.2,208.16 3 0
github.com/LogicIQ/konductor/sdk/go/examples/sdk_usage.go:208.16,211.3 2 0
github.com/LogicIQ/konductor/sdk/go/examples/sdk_usage.go:212.2,216.16 3 0
github.com/LogicIQ/konductor/sdk/go/examples/sdk_usage.go:216.16,218.3 1 0
github.com/LogicIQ/konductor/sdk/go/examples/sdk_usage.go:218.8,220.3 1 0
github.com/LogicIQ/konductor/sdk/go/examples/sdk_usage.go:223.2,224.16 2 0
github.com/LogicIQ/konductor/sdk/go/examples/sdk_usage.go:224.16,226.3 1 0
github.com/LogicIQ/konductor/sdk/go/examples/sdk_usage.go:226.8,228.3 1 0
github.com/LogicIQ/konductor/sdk/go/examples/sdk_usage.go:231.2,233.16 2 0
github.com/LogicIQ/konductor/sdk/go/examples/sdk_usage.go:233.16,235.3 1 0
github.com/LogicIQ/konductor/sdk/go/examples/sdk_usage.go:235.8,237.3 1 0
github.com/LogicIQ/konductor/sdk/go/examples/sdk_usage.go:240.2,240.66 1 0
github.com/LogicIQ/konductor/sdk/go/examples/sdk_usage.go:240.66,243.3 2 0
github.com/LogicIQ/konductor/sdk/go/examples/sdk_usage.go:246.2,247.16 2 0
github.com/LogicIQ/konductor/sdk/go/examples/sdk_usage.go:247.16,249.3 1 0
github.com/LogicIQ/konductor/sdk/go/examples/sdk_usage.go:249.8,251.3 1 0
github.com/LogicIQ/konductor/sdk/go/examples/sdk_usage.go:255.2,256.16 2 0
github.com/LogicIQ/konductor/sdk/go/examples/sdk_usage.go:256.16,258.3 1 0
github.com/LogicIQ/konductor/sdk/go/examples/sdk_usage.go:258.8,260.3 1 0
github.com/LogicIQ/konductor/sdk/go/examples/sdk_usage.go:263.2,264.16 2 0
github.com/LogicIQ/konductor/sdk/go/examples/sdk_usage.go:264.16,266.3 1 0
github.com/LogicIQ/konductor/sdk/go/examples/sdk_usage.go:266.8,268.3 1 0
github.com/LogicIQ/konductor/sdk/go/examples/sdk_usage.go:270.2,270.15 1 0
github.com/LogicIQ/konductor/sdk/go/examples/sdk_usage.go:273.70,279.16 3 0
github.com/LogicIQ/konductor/sdk/go/examples/sdk_usage.go:279.16,282.3 2 0
github.com/LogicIQ/konductor/sdk/go/examples/sdk_usage.go:283.2,287.16 3 0
github.com/LogicIQ/konductor/sdk/go/examples/sdk_usage.go:287.16,290.3 2 0
github.com/LogicIQ/konductor/sdk/go/examples/sdk_usage.go:291.2,295.16 3 0
github.com/LogicIQ/konductor/sdk/go/examples/sdk_usage.go:295.16,298.3 2 0
github.com/LogicIQ/konductor/sdk/go/examples/sdk_usage.go:299.2,303.16 3 0
github.com/LogicIQ/konductor/sdk/go/examples/sdk_usage.go:303.16,305.3 1 0
github.com/LogicIQ/konductor/sdk/go/examples/sdk_usage.go:305.8,307.3 1 0
github.com/LogicIQ/konductor/sdk/go/examples/sdk_usage.go:310.2,312.16 2 0
github.com/LogicIQ/konductor/sdk/go/examples/sdk_usage.go:312.16,314.3 1 0
github.com/LogicIQ/konductor/sdk/go/examples/sdk_usage.go:314.8,319.17 3 0
github.com/LogicIQ/konductor/sdk/go/examples/sdk_usage.go:319.17,321.4 1 0
github.com/LogicIQ/konductor/sdk/go/examples/sdk_usage.go:321.9,323.4 1 0
github.com/LogicIQ/konductor/sdk/go/examples/sdk_usage.go:327.2,331.16 2 0
github.com/LogicIQ/konductor/sdk/go/examples/sdk_usage.go:331.16,333.3 1 0
github.com/LogicIQ/konductor/sdk/go/examples/sdk_usage.go:333.8,337.69 2 0
github.com/LogicIQ/konductor/sdk/go/examples/sdk_usage.go:337.69,341.4 3 0
github.com/LogicIQ/konductor/sdk/go/examples/sdk_usage.go:344.3,345.17 2 0
github.com/LogicIQ/konductor/sdk/go/examples/sdk_usage.go:345.17,347.4 1 0
github.com/LogicIQ/konductor/sdk/go/examples/sdk_usage.go:347.9,349.4 1 0
github.com/LogicIQ/konductor/sdk/go/examples/sdk_usage.go:353.2,355.16 3 0
github.com/LogicIQ/konductor/sdk/go/examples/sdk_usage.go:355.16,357.3 1 0
github.com/LogicIQ/konductor/sdk/go/examples/sdk_usage.go:357.8,359.3 1 0
github.com/LogicIQ/konductor/sdk/go/examples/sdk_usage.go:362.2,363.16 2 0
github.com/LogicIQ/konductor/sdk/go/examples/sdk_usage.go:363.16,365.3 1 0
github.com/LogicIQ/konductor/sdk/go/examples/sdk_usage.go:365.8,367.3 1 0
github.com/LogicIQ/konductor/sdk/go/examples/sdk_usage.go:369.2,369.15 1 0
github.com/LogicIQ/konductor/sdk/go/examples/sdk_usage.go:373.80,376.16 2 0
github.com/LogicIQ/konductor/sdk/go/examples/sdk_usage.go:376.16,379.17 2 0
github.com/LogicIQ/konductor/sdk/go/examples/sdk_usage.go:379.17,381.4 1 0
github.com/LogicIQ/konductor/sdk/go/examples/sdk_usage.go:385.2,388.16 2 0
github.com/LogicIQ/konductor/sdk/go/examples/sdk_usage.go:388.16,390.3 1 0
github.com/LogicIQ/konductor/sdk/go/examples/sdk_usage.go:393.2,393.15 1 0
github.com/LogicIQ/konductor/sdk/go/examples/sdk_usage.go:393.15,394.56 1 0
github.com/LogicIQ/konductor/sdk/go/examples/sdk_usage.go:394.56,396.4 1 0
github.com/LogicIQ/konductor/sdk/go/examples/sdk_usage.go:400.2,403.12 3 0
github.com/LogicIQ/konductor/sdk/go/examples/sdk_usage.go:407.75,410.31 2 0
github.com/LogicIQ/konductor/sdk/go/examples/sdk_usage.go:410.31,412.17 2 0
github.com/LogicIQ/konductor/sdk/go/examples/sdk_usage.go:412.17,414.4 1 0
github.com/LogicIQ/konductor/sdk/go/examples/sdk_usage.go:418.2,426.16 5 0
github.com/LogicIQ/konductor/sdk/go/examples/sdk_usage.go:426.16,428.3 1 0
github.com/LogicIQ/konductor/sdk/go/examples/sdk_usage.go:431.2,433.16 2 0
github.com/LogicIQ/konductor/sdk/go/examples/sdk_usage.go:433.16,435.3 1 0
github.com/LogicIQ/konductor/sdk/go/examples/sdk_usage.go:437.2,442.31 2 0
github.com/LogicIQ/konductor/sdk/go/examples/sdk_usage.go:442.31,444.3 1 0
github.com/LogicIQ/konductor/sdk/go/examples/sdk_usage.go:446.2,446.12 1 0
